TN:
SF:src\services\store.ts
FN:32,(anonymous_1)
FNF:1
FNH:0
FNDA:0,(anonymous_1)
DA:1,1
DA:2,1
DA:8,1
DA:9,1
DA:10,1
DA:11,1
DA:12,1
DA:13,1
DA:15,1
DA:24,1
DA:32,1
DA:33,1
DA:35,1
LF:13
LH:13
BRF:0
BRH:0
end_of_record
TN:
SF:src\services\slices\constructorSlice.ts
FN:24,(anonymous_2)
FN:27,(anonymous_3)
FN:35,(anonymous_4)
FN:38,(anonymous_5)
FN:41,(anonymous_6)
FN:50,(anonymous_7)
FN:60,(anonymous_8)
FN:67,(anonymous_9)
FN:68,(anonymous_10)
FNF:9
FNH:7
FNDA:1,(anonymous_2)
FNDA:1,(anonymous_3)
FNDA:1,(anonymous_4)
FNDA:1,(anonymous_5)
FNDA:1,(anonymous_6)
FNDA:1,(anonymous_7)
FNDA:0,(anonymous_8)
FNDA:2,(anonymous_9)
FNDA:0,(anonymous_10)
DA:1,2
DA:3,2
DA:12,2
DA:19,2
DA:24,1
DA:28,1
DA:29,0
DA:31,1
DA:36,1
DA:38,1
DA:42,1
DA:43,1
DA:44,1
DA:45,1
DA:47,1
DA:51,1
DA:52,1
DA:53,1
DA:54,1
DA:56,1
DA:61,0
DA:68,2
DA:69,0
DA:78,2
DA:85,2
LF:25
LH:22
BRDA:28,0,0,0
BRDA:28,0,1,1
BRDA:43,1,0,1
BRDA:52,2,0,1
BRF:4
BRH:3
end_of_record
TN:
SF:src\services\slices\feedSlice.ts
FN:5,(anonymous_13)
FN:30,(anonymous_16)
FN:32,(anonymous_17)
FN:36,(anonymous_18)
FN:42,(anonymous_19)
FNF:5
FNH:1
FNDA:0,(anonymous_13)
FNDA:1,(anonymous_16)
FNDA:0,(anonymous_17)
FNDA:0,(anonymous_18)
FNDA:0,(anonymous_19)
DA:1,1
DA:2,1
DA:5,1
DA:6,0
DA:7,0
DA:18,1
DA:26,1
DA:31,1
DA:33,0
DA:34,0
DA:37,0
DA:38,0
DA:39,0
DA:40,0
DA:43,0
DA:44,0
DA:49,1
LF:17
LH:7
BRDA:6,0,0,0
BRDA:38,1,0,0
BRDA:38,1,1,0
BRDA:38,2,0,0
BRDA:38,2,1,0
BRDA:38,3,0,0
BRDA:38,3,1,0
BRDA:39,4,0,0
BRDA:39,4,1,0
BRDA:39,5,0,0
BRDA:39,5,1,0
BRDA:39,6,0,0
BRDA:39,6,1,0
BRDA:40,7,0,0
BRDA:40,7,1,0
BRDA:40,8,0,0
BRDA:40,8,1,0
BRDA:40,9,0,0
BRDA:40,9,1,0
BRDA:44,10,0,0
BRDA:44,10,1,0
BRF:21
BRH:0
end_of_record
TN:
SF:src\services\slices\ingredientsSlice.ts
FN:9,(anonymous_13)
FN:34,(anonymous_16)
FN:37,(anonymous_17)
FN:42,(anonymous_18)
FN:47,(anonymous_19)
FNF:5
FNH:4
FNDA:0,(anonymous_13)
FNDA:2,(anonymous_16)
FNDA:1,(anonymous_17)
FNDA:1,(anonymous_18)
FNDA:1,(anonymous_19)
DA:1,2
DA:3,2
DA:7,2
DA:9,0
DA:10,0
DA:11,0
DA:23,2
DA:30,2
DA:35,2
DA:38,1
DA:39,1
DA:43,1
DA:44,1
DA:48,1
DA:49,1
DA:54,2
LF:16
LH:13
BRDA:10,0,0,0
BRDA:49,1,0,1
BRDA:49,1,1,0
BRF:3
BRH:1
end_of_record
TN:
SF:src\services\slices\orderSlice.ts
FN:8,(anonymous_13)
FN:8,(anonymous_14)
FN:31,(anonymous_16)
FN:36,(anonymous_17)
FN:38,(anonymous_18)
FN:42,(anonymous_19)
FN:46,(anonymous_20)
FNF:7
FNH:1
FNDA:0,(anonymous_13)
FNDA:0,(anonymous_14)
FNDA:0,(anonymous_16)
FNDA:1,(anonymous_17)
FNDA:0,(anonymous_18)
FNDA:0,(anonymous_19)
FNDA:0,(anonymous_20)
DA:1,2
DA:2,2
DA:6,2
DA:8,0
DA:9,0
DA:10,0
DA:20,2
DA:26,2
DA:32,0
DA:33,0
DA:37,1
DA:39,0
DA:40,0
DA:43,0
DA:44,0
DA:47,0
DA:48,0
DA:53,2
DA:54,2
LF:19
LH:8
BRDA:9,0,0,0
BRDA:48,1,0,0
BRDA:48,1,1,0
BRF:3
BRH:0
end_of_record
TN:
SF:src\services\slices\userOrdersSlice.ts
FN:7,(anonymous_0)
FN:26,(anonymous_1)
FN:28,(anonymous_2)
FN:32,(anonymous_3)
FN:36,(anonymous_4)
FNF:5
FNH:1
FNDA:0,(anonymous_0)
FNDA:1,(anonymous_1)
FNDA:0,(anonymous_2)
FNDA:0,(anonymous_3)
FNDA:0,(anonymous_4)
DA:1,1
DA:2,1
DA:5,1
DA:7,0
DA:16,1
DA:22,1
DA:27,1
DA:29,0
DA:30,0
DA:33,0
DA:34,0
DA:37,0
DA:38,0
DA:43,1
LF:14
LH:7
BRDA:38,0,0,0
BRDA:38,0,1,0
BRF:2
BRH:0
end_of_record
TN:
SF:src\services\slices\userSlice.ts
FN:15,(anonymous_13)
FN:15,(anonymous_14)
FN:25,(anonymous_16)
FN:25,(anonymous_17)
FN:35,(anonymous_19)
FN:49,(anonymous_22)
FN:49,(anonymous_23)
FN:55,(anonymous_25)
FN:82,(anonymous_28)
FN:84,(anonymous_29)
FN:88,(anonymous_30)
FN:91,(anonymous_31)
FN:95,(anonymous_32)
FN:98,(anonymous_33)
FN:103,(anonymous_34)
FN:108,(anonymous_35)
FN:111,(anonymous_36)
FN:114,(anonymous_37)
FNF:18
FNH:1
FNDA:0,(anonymous_13)
FNDA:0,(anonymous_14)
FNDA:0,(anonymous_16)
FNDA:0,(anonymous_17)
FNDA:0,(anonymous_19)
FNDA:0,(anonymous_22)
FNDA:0,(anonymous_23)
FNDA:0,(anonymous_25)
FNDA:1,(anonymous_28)
FNDA:0,(anonymous_29)
FNDA:0,(anonymous_30)
FNDA:0,(anonymous_31)
FNDA:0,(anonymous_32)
FNDA:0,(anonymous_33)
FNDA:0,(anonymous_34)
FNDA:0,(anonymous_35)
FNDA:0,(anonymous_36)
FNDA:0,(anonymous_37)
DA:1,1
DA:2,1
DA:13,1
DA:15,0
DA:16,0
DA:17,0
DA:18,0
DA:19,0
DA:23,1
DA:25,0
DA:26,0
DA:27,0
DA:28,0
DA:29,0
DA:33,1
DA:35,0
DA:37,0
DA:38,0
DA:40,0
DA:41,0
DA:42,0
DA:47,1
DA:49,0
DA:50,0
DA:51,0
DA:55,1
DA:57,0
DA:59,0
DA:60,0
DA:71,1
DA:78,1
DA:83,1
DA:85,0
DA:86,0
DA:89,0
DA:92,0
DA:93,0
DA:96,0
DA:99,0
DA:100,0
DA:101,0
DA:104,0
DA:105,0
DA:106,0
DA:109,0
DA:112,0
DA:115,0
DA:116,0
DA:121,1
LF:49
LH:11
BRDA:16,0,0,0
BRDA:26,1,0,0
BRDA:50,2,0,0
BRDA:89,3,0,0
BRDA:89,3,1,0
BRDA:96,4,0,0
BRDA:96,4,1,0
BRDA:112,5,0,0
BRDA:112,5,1,0
BRF:9
BRH:0
end_of_record
TN:
SF:src\utils\burger-api.ts
FN:5,(anonymous_13)
FN:6,(anonymous_14)
FN:17,(anonymous_15)
FN:27,(anonymous_16)
FN:28,(anonymous_17)
FN:37,(anonymous_18)
FN:39,(anonymous_19)
FN:69,(anonymous_21)
FN:71,(anonymous_22)
FN:72,(anonymous_23)
FN:77,(anonymous_24)
FN:79,(anonymous_25)
FN:80,(anonymous_26)
FN:85,(anonymous_27)
FN:97,(anonymous_28)
FN:109,(anonymous_29)
FN:119,(anonymous_30)
FN:128,(anonymous_31)
FN:134,(anonymous_32)
FN:148,(anonymous_33)
FN:156,(anonymous_34)
FN:157,(anonymous_35)
FN:167,(anonymous_36)
FN:175,(anonymous_37)
FN:176,(anonymous_38)
FN:181,(anonymous_39)
FN:189,(anonymous_40)
FN:190,(anonymous_41)
FN:195,(anonymous_42)
FN:203,(anonymous_43)
FN:204,(anonymous_44)
FN:211,(anonymous_45)
FN:220,(anonymous_46)
FN:230,(anonymous_47)
FN:239,(anonymous_48)
FNF:35
FNH:0
FNDA:0,(anonymous_13)
FNDA:0,(anonymous_14)
FNDA:0,(anonymous_15)
FNDA:0,(anonymous_16)
FNDA:0,(anonymous_17)
FNDA:0,(anonymous_18)
FNDA:0,(anonymous_19)
FNDA:0,(anonymous_21)
FNDA:0,(anonymous_22)
FNDA:0,(anonymous_23)
FNDA:0,(anonymous_24)
FNDA:0,(anonymous_25)
FNDA:0,(anonymous_26)
FNDA:0,(anonymous_27)
FNDA:0,(anonymous_28)
FNDA:0,(anonymous_29)
FNDA:0,(anonymous_30)
FNDA:0,(anonymous_31)
FNDA:0,(anonymous_32)
FNDA:0,(anonymous_33)
FNDA:0,(anonymous_34)
FNDA:0,(anonymous_35)
FNDA:0,(anonymous_36)
FNDA:0,(anonymous_37)
FNDA:0,(anonymous_38)
FNDA:0,(anonymous_39)
FNDA:0,(anonymous_40)
FNDA:0,(anonymous_41)
FNDA:0,(anonymous_42)
FNDA:0,(anonymous_43)
FNDA:0,(anonymous_44)
FNDA:0,(anonymous_45)
FNDA:0,(anonymous_46)
FNDA:0,(anonymous_47)
FNDA:0,(anonymous_48)
DA:3,3
DA:5,3
DA:6,0
DA:17,3
DA:18,0
DA:27,0
DA:29,0
DA:30,0
DA:32,0
DA:33,0
DA:34,0
DA:37,3
DA:39,0
DA:42,0
DA:43,0
DA:45,0
DA:46,0
DA:47,0
DA:48,0
DA:51,0
DA:52,0
DA:54,0
DA:69,3
DA:70,0
DA:71,0
DA:73,0
DA:74,0
DA:77,3
DA:78,0
DA:79,0
DA:81,0
DA:82,0
DA:85,3
DA:86,0
DA:87,0
DA:99,0
DA:100,0
DA:109,3
DA:110,0
DA:120,0
DA:121,0
DA:128,3
DA:129,0
DA:134,0
DA:148,3
DA:149,0
DA:156,0
DA:158,0
DA:159,0
DA:167,3
DA:168,0
DA:175,0
DA:177,0
DA:178,0
DA:181,3
DA:182,0
DA:189,0
DA:191,0
DA:192,0
DA:195,3
DA:196,0
DA:203,0
DA:205,0
DA:206,0
DA:211,3
DA:212,0
DA:213,0
DA:220,3
DA:221,0
DA:230,3
DA:231,0
DA:239,0
LF:72
LH:16
BRDA:6,0,0,0
BRDA:6,0,1,0
BRDA:29,1,0,0
BRDA:43,2,0,0
BRDA:43,2,1,0
BRDA:43,2,2,0
BRDA:45,3,0,0
BRDA:47,4,0,0
BRDA:73,5,0,0
BRDA:73,6,0,0
BRDA:73,6,1,0
BRDA:73,7,0,0
BRDA:73,7,1,0
BRDA:81,8,0,0
BRDA:81,9,0,0
BRDA:81,9,1,0
BRDA:81,10,0,0
BRDA:81,10,1,0
BRDA:91,11,0,0
BRDA:91,11,1,0
BRDA:92,12,0,0
BRDA:92,12,1,0
BRDA:99,13,0,0
BRDA:99,14,0,0
BRDA:99,14,1,0
BRDA:99,15,0,0
BRDA:99,15,1,0
BRDA:114,16,0,0
BRDA:114,16,1,0
BRDA:120,17,0,0
BRDA:120,18,0,0
BRDA:120,18,1,0
BRDA:120,19,0,0
BRDA:120,19,1,0
BRDA:158,20,0,0
BRDA:158,21,0,0
BRDA:158,21,1,0
BRDA:158,22,0,0
BRDA:158,22,1,0
BRDA:177,23,0,0
BRDA:177,24,0,0
BRDA:177,24,1,0
BRDA:177,25,0,0
BRDA:177,25,1,0
BRDA:191,26,0,0
BRDA:191,27,0,0
BRDA:191,27,1,0
BRDA:191,28,0,0
BRDA:191,28,1,0
BRDA:205,29,0,0
BRDA:205,30,0,0
BRDA:205,30,1,0
BRDA:205,31,0,0
BRDA:205,31,1,0
BRDA:212,32,0,0
BRDA:212,32,1,0
BRDA:215,33,0,0
BRDA:215,33,1,0
BRDA:225,34,0,0
BRDA:225,34,1,0
BRF:60
BRH:0
end_of_record